<?xml version="1.0" encoding="UTF-8"?>
<testng-results skipped="0" failed="0" total="1" passed="1">
  <reporter-output>
  </reporter-output>
  <suite name="Suite" duration-ms="46" started-at="2018-10-14T16:58:01Z" finished-at="2018-10-14T16:58:01Z">
    <groups>
    </groups>
    <test name="Test" duration-ms="46" started-at="2018-10-14T16:58:01Z" finished-at="2018-10-14T16:58:01Z">
      <class name="com.learn.maven.DemoMaven">
        <test-method status="PASS" signature="testMaven()" name="testMaven" duration-ms="17" started-at="2018-10-14T16:58:01Z" finished-at="2018-10-14T16:58:01Z">
        </test-method>
      </class>
    </test>
  </suite>
</testng-results>
