<?xml version="1.0" encoding="UTF-8"?>
<testng-results skipped="0" failed="0" total="1" passed="1">
  <reporter-output>
  </reporter-output>
  <suite name="Default suite" duration-ms="14980" started-at="2018-11-15T08:43:34Z" finished-at="2018-11-15T08:43:49Z">
    <groups>
    </groups>
    <test name="Default test" duration-ms="14980" started-at="2018-11-15T08:43:34Z" finished-at="2018-11-15T08:43:49Z">
      <class name="com.learn.maven.DemoMaven">
        <test-method status="PASS" signature="testMaven()" name="testMaven" duration-ms="14957" started-at="2018-11-15T08:43:34Z" finished-at="2018-11-15T08:43:49Z">
        </test-method>
      </class>
    </test>
  </suite>
</testng-results>
