<?xml version="1.0" encoding="UTF-8"?>
<testng-results skipped="0" failed="0" total="1" passed="1">
  <reporter-output>
  </reporter-output>
  <suite name="Suite" duration-ms="11427" started-at="2018-10-22T22:14:55Z" finished-at="2018-10-22T22:15:06Z">
    <groups>
    </groups>
    <test name="Test" duration-ms="11427" started-at="2018-10-22T22:14:55Z" finished-at="2018-10-22T22:15:06Z">
      <class name="com.learn.maven.DemoMaven">
        <test-method status="PASS" signature="testMaven()" name="testMaven" duration-ms="11413" started-at="2018-10-22T22:14:55Z" finished-at="2018-10-22T22:15:06Z">
        </test-method>
      </class>
    </test>
  </suite>
</testng-results>
